\BOOKMARK [0][-]{chapter.1}{From Traditional Development to Continuous Deployment: Strategies and Practices in CI/CD Pipelines}{}% 1
\BOOKMARK [0][-]{chapter.1}{Niko Benkler }{}% 2
\BOOKMARK [1][-]{section.1.1}{Introduction}{chapter.1}% 3
\BOOKMARK [1][-]{section.1.2}{Background}{chapter.1}% 4
\BOOKMARK [2][-]{subsection.1.2.1}{Agile Methodologies}{section.1.2}% 5
\BOOKMARK [2][-]{subsection.1.2.2}{DevOps}{section.1.2}% 6
\BOOKMARK [2][-]{subsection.1.2.3}{Continuous Software Engineering}{section.1.2}% 7
\BOOKMARK [3][-]{subsubsection.1.2.3.1}{Continuous Integration}{subsection.1.2.3}% 8
\BOOKMARK [3][-]{subsubsection.1.2.3.2}{Continuous Delivery}{subsection.1.2.3}% 9
\BOOKMARK [3][-]{subsubsection.1.2.3.3}{Continuous Deployment}{subsection.1.2.3}% 10
\BOOKMARK [1][-]{section.1.3}{The evolution path towards Continuous Deployment}{chapter.1}% 11
\BOOKMARK [2][-]{subsection.1.3.1}{The Stairway to Heaven}{section.1.3}% 12
\BOOKMARK [3][-]{subsubsection.1.3.1.1}{Phase 1: Traditional Development}{subsection.1.3.1}% 13
\BOOKMARK [3][-]{subsubsection.1.3.1.2}{Phase 2: Agile Organization}{subsection.1.3.1}% 14
\BOOKMARK [3][-]{subsubsection.1.3.1.3}{Phase 3: Continuous Integration}{subsection.1.3.1}% 15
\BOOKMARK [3][-]{subsubsection.1.3.1.4}{Phase 4: Continuous Delivery and Deployment}{subsection.1.3.1}% 16
\BOOKMARK [3][-]{subsubsection.1.3.1.5}{Phase 5: Partial Rollouts}{subsection.1.3.1}% 17
\BOOKMARK [2][-]{subsection.1.3.2}{A comparison between Traditional Development, Agile Development and the CD Process}{section.1.3}% 18
\BOOKMARK [1][-]{section.1.4}{Deployment Pipeline and Tools}{chapter.1}% 19
\BOOKMARK [2][-]{subsection.1.4.1}{Example: A Deployment Pipeline}{section.1.4}% 20
\BOOKMARK [2][-]{subsection.1.4.2}{Tools in a Deployment Pipeline}{section.1.4}% 21
\BOOKMARK [1][-]{section.1.5}{Challenges for adopting Continuous Practices}{chapter.1}% 22
\BOOKMARK [2][-]{subsection.1.5.1}{Organizational Challenges}{section.1.5}% 23
\BOOKMARK [2][-]{subsection.1.5.2}{Technical Challenges}{section.1.5}% 24
\BOOKMARK [2][-]{subsection.1.5.3}{Social Challenges}{section.1.5}% 25
\BOOKMARK [2][-]{subsection.1.5.4}{Architectural Challenges }{section.1.5}% 26
\BOOKMARK [1][-]{section.1.6}{Conclusion}{chapter.1}% 27
